<?xml version="1.0" encoding="UTF-8" ?>
<testsuite tests="1" failures="0" name="lib.tests.FirstTests" time="5.792" errors="1" skipped="0">
  <properties>
[...]
</properties>
  <testcase classname="lib.tests.FirstTests" name="testCheckSearchField" time="5.792">
    <error message="An unknown server-side error occurred while processing the command. Original error: Error executing adbExec. Original error: &apos;Command &apos;/Users/administrator/Library/Android/sdk/platform-tools/adb -P 5037 -s emulator-5554 shell pm install /data/local/tmp/appium_cache/e53476d64f7d1b526415ca69bd2a829f89d73d86.apk&apos; exited with code 1&apos;; Stderr: &apos;Failure [INSTALL_FAILED_NO_MATCHING_ABIS: Failed to extract native libraries, res=-113]&apos;; Code: &apos;1&apos; (WARNING: The server did not provide any stacktrace information)
Command duration or timeout: 4.97 seconds
Build info: version: &apos;2.53.1&apos;, revision: &apos;a36b8b1cd5757287168e54b817830adce9b0158d&apos;, time: &apos;2016-06-30 19:26:09&apos;
System info: host: &apos;mac102546.local&apos;, ip: &apos;10.250.10.24&apos;, os.name: &apos;Mac OS X&apos;, os.arch: &apos;x86_64&apos;, os.version: &apos;10.14.5&apos;, java.version: &apos;10.0.1&apos;
Driver info: io.appium.java_client.android.AndroidDriver" type="org.openqa.selenium.WebDriverException">org.openqa.selenium.WebDriverException: An unknown server-side error occurred while processing the command. Original error: Error executing adbExec. Original error: &apos;Command &apos;/Users/administrator/Library/Android/sdk/platform-tools/adb -P 5037 -s emulator-5554 shell pm install /data/local/tmp/appium_cache/e53476d64f7d1b526415ca69bd2a829f89d73d86.apk&apos; exited with code 1&apos;; Stderr: &apos;Failure [INSTALL_FAILED_NO_MATCHING_ABIS: Failed to extract native libraries, res=-113]&apos;; Code: &apos;1&apos; (WARNING: The server did not provide any stacktrace information)
Command duration or timeout: 4.97 seconds
Build info: version: &apos;2.53.1&apos;, revision: &apos;a36b8b1cd5757287168e54b817830adce9b0158d&apos;, time: &apos;2016-06-30 19:26:09&apos;
System info: host: &apos;mac102546.local&apos;, ip: &apos;10.250.10.24&apos;, os.name: &apos;Mac OS X&apos;, os.arch: &apos;x86_64&apos;, os.version: &apos;10.14.5&apos;, java.version: &apos;10.0.1&apos;
Driver info: io.appium.java_client.android.AndroidDriver
	at java.base/jdk.internal.reflect.NativeConstructorAccessorImpl.newInstance0(Native Method)
	at java.base/jdk.internal.reflect.NativeConstructorAccessorImpl.newInstance(NativeConstructorAccessorImpl.java:62)
	at java.base/jdk.internal.reflect.DelegatingConstructorAccessorImpl.newInstance(DelegatingConstructorAccessorImpl.java:45)
	at java.base/java.lang.reflect.Constructor.newInstance(Constructor.java:488)
	at org.openqa.selenium.remote.ErrorHandler.createThrowable(ErrorHandler.java:206)
	at org.openqa.selenium.remote.ErrorHandler.throwIfResponseFailed(ErrorHandler.java:158)
	at org.openqa.selenium.remote.RemoteWebDriver.execute(RemoteWebDriver.java:678)
	at io.appium.java_client.DefaultGenericMobileDriver.execute(DefaultGenericMobileDriver.java:40)
	at io.appium.java_client.AppiumDriver.execute(AppiumDriver.java:1)
	at io.appium.java_client.android.AndroidDriver.execute(AndroidDriver.java:1)
	at org.openqa.selenium.remote.RemoteWebDriver.startSession(RemoteWebDriver.java:249)
	at org.openqa.selenium.remote.RemoteWebDriver.&lt;init&gt;(RemoteWebDriver.java:131)
	at org.openqa.selenium.remote.RemoteWebDriver.&lt;init&gt;(RemoteWebDriver.java:144)
	at io.appium.java_client.DefaultGenericMobileDriver.&lt;init&gt;(DefaultGenericMobileDriver.java:36)
	at io.appium.java_client.AppiumDriver.&lt;init&gt;(AppiumDriver.java:114)
	at io.appium.java_client.AppiumDriver.&lt;init&gt;(AppiumDriver.java:132)
	at io.appium.java_client.android.AndroidDriver.&lt;init&gt;(AndroidDriver.java:92)
	at lib.Platform.getDriver(Platform.java:30)
	at lib.CoreTestCase.setUp(CoreTestCase.java:17)
	at lib.tests.FirstTests.setUp(FirstTests.java:18)
	at junit.framework.TestCase.runBare(TestCase.java:139)
	at junit.framework.TestResult$1.protect(TestResult.java:122)
	at junit.framework.TestResult.runProtected(TestResult.java:142)
	at junit.framework.TestResult.run(TestResult.java:125)
	at junit.framework.TestCase.run(TestCase.java:129)
	at junit.framework.TestSuite.runTest(TestSuite.java:252)
	at junit.framework.TestSuite.run(TestSuite.java:247)
	at org.junit.internal.runners.JUnit38ClassRunner.run(JUnit38ClassRunner.java:86)
	at org.apache.maven.surefire.junit4.JUnit4Provider.execute(JUnit4Provider.java:242)
	at org.apache.maven.surefire.junit4.JUnit4Provider.executeTestSet(JUnit4Provider.java:137)
	at org.apache.maven.surefire.junit4.JUnit4Provider.invoke(JUnit4Provider.java:112)
	at java.base/jdk.internal.reflect.NativeMethodAccessorImpl.invoke0(Native Method)
	at java.base/jdk.internal.reflect.NativeMethodAccessorImpl.invoke(NativeMethodAccessorImpl.java:62)
	at java.base/jdk.internal.reflect.DelegatingMethodAccessorImpl.invoke(DelegatingMethodAccessorImpl.java:43)
	at java.base/java.lang.reflect.Method.invoke(Method.java:564)
	at org.apache.maven.surefire.util.ReflectionUtils.invokeMethodWithArray(ReflectionUtils.java:189)
	at org.apache.maven.surefire.booter.ProviderFactory$ProviderProxy.invoke(ProviderFactory.java:165)
	at org.apache.maven.surefire.booter.ProviderFactory.invokeProvider(ProviderFactory.java:85)
	at org.apache.maven.surefire.booter.ForkedBooter.runSuitesInProcess(ForkedBooter.java:115)
	at org.apache.maven.surefire.booter.ForkedBooter.main(ForkedBooter.java:75)
</error>
  </testcase>
</testsuite>